{"C:\\Users\\leekk\\Desktop\\GPTs 프로젝트_1 (PT)\\fitness-tracker\\app\\layout.tsx": {"path":"C:\\Users\\leekk\\Desktop\\GPTs 프로젝트_1 (PT)\\fitness-tracker\\app\\layout.tsx","statementMap":{"0":{"start":{"line":13,"column":24},"end":{"line":13,"column":35}},"1":{"start":{"line":8,"column":13},"end":{"line":8,"column":21}},"2":{"start":{"line":2,"column":22},"end":{"line":2,"column":null}},"3":{"start":{"line":3,"column":7},"end":{"line":3,"column":null}},"4":{"start":{"line":4,"column":30},"end":{"line":4,"column":null}},"5":{"start":{"line":6,"column":14},"end":{"line":6,"column":null}},"6":{"start":{"line":8,"column":34},"end":{"line":11,"column":null}}},"fnMap":{"0":{"name":"RootLayout","decl":{"start":{"line":13,"column":24},"end":{"line":13,"column":35}},"loc":{"start":{"line":17,"column":2},"end":{"line":36,"column":1}}}},"branchMap":{},"s":{"0":0,"1":0,"2":0,"3":0,"4":0,"5":0,"6":0},"f":{"0":0},"b":{}}
,"C:\\Users\\leekk\\Desktop\\GPTs 프로젝트_1 (PT)\\fitness-tracker\\app\\page.tsx": {"path":"C:\\Users\\leekk\\Desktop\\GPTs 프로젝트_1 (PT)\\fitness-tracker\\app\\page.tsx","statementMap":{"0":{"start":{"line":5,"column":24},"end":{"line":5,"column":null}},"1":{"start":{"line":1,"column":30},"end":{"line":1,"column":null}},"2":{"start":{"line":2,"column":31},"end":{"line":2,"column":null}},"3":{"start":{"line":3,"column":23},"end":{"line":3,"column":null}}},"fnMap":{"0":{"name":"Home","decl":{"start":{"line":5,"column":24},"end":{"line":5,"column":null}},"loc":{"start":{"line":5,"column":24},"end":{"line":31,"column":null}}}},"branchMap":{},"s":{"0":0,"1":0,"2":0,"3":0},"f":{"0":0},"b":{}}
,"C:\\Users\\leekk\\Desktop\\GPTs 프로젝트_1 (PT)\\fitness-tracker\\app\\(auth)\\login\\page.tsx": {"path":"C:\\Users\\leekk\\Desktop\\GPTs 프로젝트_1 (PT)\\fitness-tracker\\app\\(auth)\\login\\page.tsx","statementMap":{"0":{"start":{"line":23,"column":24},"end":{"line":23,"column":null}},"1":{"start":{"line":3,"column":25},"end":{"line":3,"column":null}},"2":{"start":{"line":4,"column":23},"end":{"line":4,"column":null}},"3":{"start":{"line":5,"column":26},"end":{"line":5,"column":null}},"4":{"start":{"line":6,"column":24},"end":{"line":6,"column":null}},"5":{"start":{"line":7,"column":28},"end":{"line":7,"column":null}},"6":{"start":{"line":8,"column":19},"end":{"line":8,"column":null}},"7":{"start":{"line":9,"column":23},"end":{"line":9,"column":null}},"8":{"start":{"line":10,"column":22},"end":{"line":10,"column":null}},"9":{"start":{"line":11,"column":58},"end":{"line":11,"column":null}},"10":{"start":{"line":12,"column":25},"end":{"line":12,"column":null}},"11":{"start":{"line":13,"column":17},"end":{"line":13,"column":null}},"12":{"start":{"line":16,"column":20},"end":{"line":19,"column":null}},"13":{"start":{"line":24,"column":17},"end":{"line":24,"column":null}},"14":{"start":{"line":25,"column":28},"end":{"line":25,"column":null}},"15":{"start":{"line":26,"column":36},"end":{"line":26,"column":null}},"16":{"start":{"line":32,"column":6},"end":{"line":34,"column":null}},"17":{"start":{"line":36,"column":19},"end":{"line":58,"column":null}},"18":{"start":{"line":37,"column":4},"end":{"line":57,"column":null}},"19":{"start":{"line":38,"column":6},"end":{"line":38,"column":null}},"20":{"start":{"line":39,"column":6},"end":{"line":39,"column":null}},"21":{"start":{"line":41,"column":21},"end":{"line":45,"column":null}},"22":{"start":{"line":47,"column":6},"end":{"line":50,"column":null}},"23":{"start":{"line":48,"column":8},"end":{"line":48,"column":null}},"24":{"start":{"line":49,"column":8},"end":{"line":49,"column":null}},"25":{"start":{"line":52,"column":6},"end":{"line":52,"column":null}},"26":{"start":{"line":54,"column":6},"end":{"line":54,"column":null}},"27":{"start":{"line":56,"column":6},"end":{"line":56,"column":null}},"28":{"start":{"line":60,"column":28},"end":{"line":62,"column":null}},"29":{"start":{"line":61,"column":4},"end":{"line":61,"column":null}}},"fnMap":{"0":{"name":"LoginPage","decl":{"start":{"line":23,"column":24},"end":{"line":23,"column":null}},"loc":{"start":{"line":23,"column":24},"end":{"line":150,"column":null}}},"1":{"name":"(anonymous_6)","decl":{"start":{"line":36,"column":19},"end":{"line":36,"column":26}},"loc":{"start":{"line":36,"column":26},"end":{"line":58,"column":null}}},"2":{"name":"(anonymous_7)","decl":{"start":{"line":60,"column":28},"end":{"line":60,"column":null}},"loc":{"start":{"line":60,"column":28},"end":{"line":62,"column":null}}}},"branchMap":{"0":{"loc":{"start":{"line":47,"column":6},"end":{"line":50,"column":null}},"type":"if","locations":[{"start":{"line":47,"column":6},"end":{"line":50,"column":null}}]},"1":{"loc":{"start":{"line":80,"column":27},"end":{"line":80,"column":null}},"type":"cond-expr","locations":[{"start":{"line":80,"column":42},"end":{"line":80,"column":61}},{"start":{"line":80,"column":61},"end":{"line":80,"column":null}}]},"2":{"loc":{"start":{"line":82,"column":15},"end":{"line":82,"column":27}},"type":"binary-expr","locations":[{"start":{"line":82,"column":15},"end":{"line":82,"column":27}}]},"3":{"loc":{"start":{"line":93,"column":27},"end":{"line":93,"column":null}},"type":"cond-expr","locations":[{"start":{"line":93,"column":45},"end":{"line":93,"column":64}},{"start":{"line":93,"column":64},"end":{"line":93,"column":null}}]},"4":{"loc":{"start":{"line":95,"column":15},"end":{"line":95,"column":30}},"type":"binary-expr","locations":[{"start":{"line":95,"column":15},"end":{"line":95,"column":30}}]},"5":{"loc":{"start":{"line":101,"column":13},"end":{"line":101,"column":null}},"type":"binary-expr","locations":[{"start":{"line":101,"column":13},"end":{"line":101,"column":null}}]},"6":{"loc":{"start":{"line":109,"column":15},"end":{"line":109,"column":null}},"type":"cond-expr","locations":[{"start":{"line":109,"column":27},"end":{"line":109,"column":40}},{"start":{"line":109,"column":40},"end":{"line":109,"column":null}}]}},"s":{"0":0,"1":0,"2":0,"3":0,"4":0,"5":0,"6":0,"7":0,"8":0,"9":0,"10":0,"11":0,"12":0,"13":0,"14":0,"15":0,"16":0,"17":0,"18":0,"19":0,"20":0,"21":0,"22":0,"23":0,"24":0,"25":0,"26":0,"27":0,"28":0,"29":0},"f":{"0":0,"1":0,"2":0},"b":{"0":[0],"1":[0,0],"2":[0],"3":[0,0],"4":[0],"5":[0],"6":[0,0]}}
,"C:\\Users\\leekk\\Desktop\\GPTs 프로젝트_1 (PT)\\fitness-tracker\\app\\(auth)\\register\\page.tsx": {"path":"C:\\Users\\leekk\\Desktop\\GPTs 프로젝트_1 (PT)\\fitness-tracker\\app\\(auth)\\register\\page.tsx","statementMap":{"0":{"start":{"line":42,"column":24},"end":{"line":42,"column":null}},"1":{"start":{"line":3,"column":25},"end":{"line":3,"column":null}},"2":{"start":{"line":4,"column":26},"end":{"line":4,"column":null}},"3":{"start":{"line":5,"column":24},"end":{"line":5,"column":null}},"4":{"start":{"line":6,"column":28},"end":{"line":6,"column":null}},"5":{"start":{"line":7,"column":19},"end":{"line":7,"column":null}},"6":{"start":{"line":8,"column":23},"end":{"line":8,"column":null}},"7":{"start":{"line":9,"column":22},"end":{"line":9,"column":null}},"8":{"start":{"line":10,"column":58},"end":{"line":10,"column":null}},"9":{"start":{"line":17,"column":7},"end":{"line":17,"column":null}},"10":{"start":{"line":18,"column":17},"end":{"line":18,"column":null}},"11":{"start":{"line":21,"column":23},"end":{"line":38,"column":null}},"12":{"start":{"line":35,"column":20},"end":{"line":35,"column":58}},"13":{"start":{"line":43,"column":17},"end":{"line":43,"column":null}},"14":{"start":{"line":44,"column":28},"end":{"line":44,"column":null}},"15":{"start":{"line":45,"column":36},"end":{"line":45,"column":null}},"16":{"start":{"line":52,"column":6},"end":{"line":54,"column":null}},"17":{"start":{"line":56,"column":19},"end":{"line":85,"column":null}},"18":{"start":{"line":57,"column":4},"end":{"line":84,"column":null}},"19":{"start":{"line":58,"column":6},"end":{"line":58,"column":null}},"20":{"start":{"line":59,"column":6},"end":{"line":59,"column":null}},"21":{"start":{"line":61,"column":23},"end":{"line":67,"column":null}},"22":{"start":{"line":69,"column":21},"end":{"line":69,"column":null}},"23":{"start":{"line":71,"column":6},"end":{"line":73,"column":null}},"24":{"start":{"line":72,"column":8},"end":{"line":72,"column":null}},"25":{"start":{"line":75,"column":6},"end":{"line":75,"column":null}},"26":{"start":{"line":77,"column":6},"end":{"line":81,"column":null}},"27":{"start":{"line":78,"column":8},"end":{"line":78,"column":null}},"28":{"start":{"line":80,"column":8},"end":{"line":80,"column":null}},"29":{"start":{"line":83,"column":6},"end":{"line":83,"column":null}},"30":{"start":{"line":153,"column":18},"end":{"line":153,"column":null}}},"fnMap":{"0":{"name":"(anonymous_5)","decl":{"start":{"line":35,"column":10},"end":{"line":35,"column":11}},"loc":{"start":{"line":35,"column":20},"end":{"line":35,"column":58}}},"1":{"name":"RegisterPage","decl":{"start":{"line":42,"column":24},"end":{"line":42,"column":null}},"loc":{"start":{"line":42,"column":24},"end":{"line":198,"column":null}}},"2":{"name":"(anonymous_7)","decl":{"start":{"line":56,"column":19},"end":{"line":56,"column":26}},"loc":{"start":{"line":56,"column":26},"end":{"line":85,"column":null}}},"3":{"name":"(anonymous_8)","decl":{"start":{"line":152,"column":31},"end":{"line":152,"column":32}},"loc":{"start":{"line":153,"column":18},"end":{"line":153,"column":null}}}},"branchMap":{"0":{"loc":{"start":{"line":71,"column":6},"end":{"line":73,"column":null}},"type":"if","locations":[{"start":{"line":71,"column":6},"end":{"line":73,"column":null}}]},"1":{"loc":{"start":{"line":72,"column":24},"end":{"line":72,"column":null}},"type":"binary-expr","locations":[{"start":{"line":72,"column":24},"end":{"line":72,"column":38}},{"start":{"line":72,"column":42},"end":{"line":72,"column":null}}]},"2":{"loc":{"start":{"line":77,"column":6},"end":{"line":81,"column":null}},"type":"if","locations":[{"start":{"line":77,"column":6},"end":{"line":81,"column":null}},{"start":{"line":79,"column":13},"end":{"line":81,"column":null}}]},"3":{"loc":{"start":{"line":103,"column":27},"end":{"line":103,"column":null}},"type":"cond-expr","locations":[{"start":{"line":103,"column":42},"end":{"line":103,"column":61}},{"start":{"line":103,"column":61},"end":{"line":103,"column":null}}]},"4":{"loc":{"start":{"line":105,"column":15},"end":{"line":105,"column":27}},"type":"binary-expr","locations":[{"start":{"line":105,"column":15},"end":{"line":105,"column":27}}]},"5":{"loc":{"start":{"line":116,"column":27},"end":{"line":116,"column":null}},"type":"cond-expr","locations":[{"start":{"line":116,"column":41},"end":{"line":116,"column":60}},{"start":{"line":116,"column":60},"end":{"line":116,"column":null}}]},"6":{"loc":{"start":{"line":118,"column":15},"end":{"line":118,"column":26}},"type":"binary-expr","locations":[{"start":{"line":118,"column":15},"end":{"line":118,"column":26}}]},"7":{"loc":{"start":{"line":129,"column":27},"end":{"line":129,"column":null}},"type":"cond-expr","locations":[{"start":{"line":129,"column":45},"end":{"line":129,"column":64}},{"start":{"line":129,"column":64},"end":{"line":129,"column":null}}]},"8":{"loc":{"start":{"line":131,"column":15},"end":{"line":131,"column":30}},"type":"binary-expr","locations":[{"start":{"line":131,"column":15},"end":{"line":131,"column":30}}]},"9":{"loc":{"start":{"line":142,"column":27},"end":{"line":142,"column":null}},"type":"cond-expr","locations":[{"start":{"line":142,"column":52},"end":{"line":142,"column":71}},{"start":{"line":142,"column":71},"end":{"line":142,"column":null}}]},"10":{"loc":{"start":{"line":144,"column":15},"end":{"line":144,"column":37}},"type":"binary-expr","locations":[{"start":{"line":144,"column":15},"end":{"line":144,"column":37}}]},"11":{"loc":{"start":{"line":157,"column":29},"end":{"line":157,"column":null}},"type":"cond-expr","locations":[{"start":{"line":157,"column":47},"end":{"line":157,"column":66}},{"start":{"line":157,"column":66},"end":{"line":157,"column":null}}]},"12":{"loc":{"start":{"line":166,"column":15},"end":{"line":166,"column":30}},"type":"binary-expr","locations":[{"start":{"line":166,"column":15},"end":{"line":166,"column":30}}]},"13":{"loc":{"start":{"line":172,"column":13},"end":{"line":172,"column":null}},"type":"binary-expr","locations":[{"start":{"line":172,"column":13},"end":{"line":172,"column":null}}]},"14":{"loc":{"start":{"line":180,"column":15},"end":{"line":180,"column":null}},"type":"cond-expr","locations":[{"start":{"line":180,"column":27},"end":{"line":180,"column":39}},{"start":{"line":180,"column":39},"end":{"line":180,"column":null}}]}},"s":{"0":0,"1":0,"2":0,"3":0,"4":0,"5":0,"6":0,"7":0,"8":0,"9":0,"10":0,"11":0,"12":0,"13":0,"14":0,"15":0,"16":0,"17":0,"18":0,"19":0,"20":0,"21":0,"22":0,"23":0,"24":0,"25":0,"26":0,"27":0,"28":0,"29":0,"30":0},"f":{"0":0,"1":0,"2":0,"3":0},"b":{"0":[0],"1":[0,0],"2":[0,0],"3":[0,0],"4":[0],"5":[0,0],"6":[0],"7":[0,0],"8":[0],"9":[0,0],"10":[0],"11":[0,0],"12":[0],"13":[0],"14":[0,0]}}
,"C:\\Users\\leekk\\Desktop\\GPTs 프로젝트_1 (PT)\\fitness-tracker\\app\\(auth)\\reset-password\\page.tsx": {"path":"C:\\Users\\leekk\\Desktop\\GPTs 프로젝트_1 (PT)\\fitness-tracker\\app\\(auth)\\reset-password\\page.tsx","statementMap":{"0":{"start":{"line":36,"column":24},"end":{"line":36,"column":null}},"1":{"start":{"line":3,"column":25},"end":{"line":3,"column":null}},"2":{"start":{"line":4,"column":43},"end":{"line":4,"column":null}},"3":{"start":{"line":5,"column":24},"end":{"line":5,"column":null}},"4":{"start":{"line":6,"column":28},"end":{"line":6,"column":null}},"5":{"start":{"line":7,"column":19},"end":{"line":7,"column":null}},"6":{"start":{"line":8,"column":23},"end":{"line":8,"column":null}},"7":{"start":{"line":9,"column":22},"end":{"line":9,"column":null}},"8":{"start":{"line":10,"column":58},"end":{"line":10,"column":null}},"9":{"start":{"line":11,"column":17},"end":{"line":11,"column":null}},"10":{"start":{"line":14,"column":27},"end":{"line":16,"column":null}},"11":{"start":{"line":19,"column":28},"end":{"line":31,"column":null}},"12":{"start":{"line":28,"column":20},"end":{"line":28,"column":58}},"13":{"start":{"line":37,"column":17},"end":{"line":37,"column":null}},"14":{"start":{"line":38,"column":23},"end":{"line":38,"column":null}},"15":{"start":{"line":39,"column":16},"end":{"line":39,"column":null}},"16":{"start":{"line":40,"column":28},"end":{"line":40,"column":null}},"17":{"start":{"line":41,"column":32},"end":{"line":41,"column":null}},"18":{"start":{"line":42,"column":36},"end":{"line":42,"column":null}},"19":{"start":{"line":48,"column":6},"end":{"line":50,"column":null}},"20":{"start":{"line":56,"column":6},"end":{"line":58,"column":null}},"21":{"start":{"line":60,"column":25},"end":{"line":90,"column":null}},"22":{"start":{"line":61,"column":4},"end":{"line":89,"column":null}},"23":{"start":{"line":62,"column":6},"end":{"line":62,"column":null}},"24":{"start":{"line":63,"column":6},"end":{"line":63,"column":null}},"25":{"start":{"line":64,"column":6},"end":{"line":64,"column":null}},"26":{"start":{"line":66,"column":23},"end":{"line":72,"column":null}},"27":{"start":{"line":74,"column":21},"end":{"line":74,"column":null}},"28":{"start":{"line":76,"column":6},"end":{"line":78,"column":null}},"29":{"start":{"line":77,"column":8},"end":{"line":77,"column":null}},"30":{"start":{"line":80,"column":6},"end":{"line":80,"column":null}},"31":{"start":{"line":82,"column":6},"end":{"line":86,"column":null}},"32":{"start":{"line":83,"column":8},"end":{"line":83,"column":null}},"33":{"start":{"line":85,"column":8},"end":{"line":85,"column":null}},"34":{"start":{"line":88,"column":6},"end":{"line":88,"column":null}},"35":{"start":{"line":92,"column":26},"end":{"line":122,"column":null}},"36":{"start":{"line":93,"column":4},"end":{"line":121,"column":null}},"37":{"start":{"line":94,"column":6},"end":{"line":94,"column":null}},"38":{"start":{"line":95,"column":6},"end":{"line":95,"column":null}},"39":{"start":{"line":96,"column":6},"end":{"line":96,"column":null}},"40":{"start":{"line":98,"column":23},"end":{"line":104,"column":null}},"41":{"start":{"line":106,"column":21},"end":{"line":106,"column":null}},"42":{"start":{"line":108,"column":6},"end":{"line":110,"column":null}},"43":{"start":{"line":109,"column":8},"end":{"line":109,"column":null}},"44":{"start":{"line":112,"column":6},"end":{"line":112,"column":null}},"45":{"start":{"line":114,"column":6},"end":{"line":118,"column":null}},"46":{"start":{"line":115,"column":8},"end":{"line":115,"column":null}},"47":{"start":{"line":117,"column":8},"end":{"line":117,"column":null}},"48":{"start":{"line":120,"column":6},"end":{"line":120,"column":null}}},"fnMap":{"0":{"name":"(anonymous_5)","decl":{"start":{"line":28,"column":10},"end":{"line":28,"column":11}},"loc":{"start":{"line":28,"column":20},"end":{"line":28,"column":58}}},"1":{"name":"ResetPasswordPage","decl":{"start":{"line":36,"column":24},"end":{"line":36,"column":null}},"loc":{"start":{"line":36,"column":24},"end":{"line":217,"column":null}}},"2":{"name":"(anonymous_7)","decl":{"start":{"line":60,"column":25},"end":{"line":60,"column":32}},"loc":{"start":{"line":60,"column":32},"end":{"line":90,"column":null}}},"3":{"name":"(anonymous_8)","decl":{"start":{"line":92,"column":26},"end":{"line":92,"column":33}},"loc":{"start":{"line":92,"column":33},"end":{"line":122,"column":null}}}},"branchMap":{"0":{"loc":{"start":{"line":76,"column":6},"end":{"line":78,"column":null}},"type":"if","locations":[{"start":{"line":76,"column":6},"end":{"line":78,"column":null}}]},"1":{"loc":{"start":{"line":77,"column":24},"end":{"line":77,"column":null}},"type":"binary-expr","locations":[{"start":{"line":77,"column":24},"end":{"line":77,"column":38}},{"start":{"line":77,"column":42},"end":{"line":77,"column":null}}]},"2":{"loc":{"start":{"line":82,"column":6},"end":{"line":86,"column":null}},"type":"if","locations":[{"start":{"line":82,"column":6},"end":{"line":86,"column":null}},{"start":{"line":84,"column":13},"end":{"line":86,"column":null}}]},"3":{"loc":{"start":{"line":108,"column":6},"end":{"line":110,"column":null}},"type":"if","locations":[{"start":{"line":108,"column":6},"end":{"line":110,"column":null}}]},"4":{"loc":{"start":{"line":109,"column":24},"end":{"line":109,"column":null}},"type":"binary-expr","locations":[{"start":{"line":109,"column":24},"end":{"line":109,"column":38}},{"start":{"line":109,"column":42},"end":{"line":109,"column":null}}]},"5":{"loc":{"start":{"line":114,"column":6},"end":{"line":118,"column":null}},"type":"if","locations":[{"start":{"line":114,"column":6},"end":{"line":118,"column":null}},{"start":{"line":116,"column":13},"end":{"line":118,"column":null}}]},"6":{"loc":{"start":{"line":130,"column":13},"end":{"line":132,"column":null}},"type":"cond-expr","locations":[{"start":{"line":131,"column":16},"end":{"line":131,"column":null}},{"start":{"line":132,"column":16},"end":{"line":132,"column":null}}]},"7":{"loc":{"start":{"line":137,"column":12},"end":{"line":166,"column":13}},"type":"cond-expr","locations":[{"start":{"line":137,"column":12},"end":{"line":166,"column":13}}]},"8":{"loc":{"start":{"line":143,"column":29},"end":{"line":143,"column":null}},"type":"cond-expr","locations":[{"start":{"line":143,"column":51},"end":{"line":143,"column":70}},{"start":{"line":143,"column":70},"end":{"line":143,"column":null}}]},"9":{"loc":{"start":{"line":145,"column":17},"end":{"line":145,"column":36}},"type":"binary-expr","locations":[{"start":{"line":145,"column":17},"end":{"line":145,"column":36}}]},"10":{"loc":{"start":{"line":151,"column":15},"end":{"line":151,"column":null}},"type":"binary-expr","locations":[{"start":{"line":151,"column":15},"end":{"line":151,"column":null}}]},"11":{"loc":{"start":{"line":154,"column":15},"end":{"line":154,"column":null}},"type":"binary-expr","locations":[{"start":{"line":154,"column":15},"end":{"line":154,"column":null}}]},"12":{"loc":{"start":{"line":162,"column":17},"end":{"line":162,"column":null}},"type":"cond-expr","locations":[{"start":{"line":162,"column":29},"end":{"line":162,"column":41}},{"start":{"line":162,"column":41},"end":{"line":162,"column":null}}]},"13":{"loc":{"start":{"line":172,"column":29},"end":{"line":172,"column":null}},"type":"cond-expr","locations":[{"start":{"line":172,"column":52},"end":{"line":172,"column":71}},{"start":{"line":172,"column":71},"end":{"line":172,"column":null}}]},"14":{"loc":{"start":{"line":174,"column":17},"end":{"line":174,"column":37}},"type":"binary-expr","locations":[{"start":{"line":174,"column":17},"end":{"line":174,"column":37}}]},"15":{"loc":{"start":{"line":185,"column":29},"end":{"line":185,"column":null}},"type":"cond-expr","locations":[{"start":{"line":185,"column":59},"end":{"line":185,"column":78}},{"start":{"line":185,"column":78},"end":{"line":185,"column":null}}]},"16":{"loc":{"start":{"line":187,"column":17},"end":{"line":187,"column":44}},"type":"binary-expr","locations":[{"start":{"line":187,"column":17},"end":{"line":187,"column":44}}]},"17":{"loc":{"start":{"line":193,"column":15},"end":{"line":193,"column":null}},"type":"binary-expr","locations":[{"start":{"line":193,"column":15},"end":{"line":193,"column":null}}]},"18":{"loc":{"start":{"line":201,"column":17},"end":{"line":201,"column":null}},"type":"cond-expr","locations":[{"start":{"line":201,"column":29},"end":{"line":201,"column":41}},{"start":{"line":201,"column":41},"end":{"line":201,"column":null}}]}},"s":{"0":0,"1":0,"2":0,"3":0,"4":0,"5":0,"6":0,"7":0,"8":0,"9":0,"10":0,"11":0,"12":0,"13":0,"14":0,"15":0,"16":0,"17":0,"18":0,"19":0,"20":0,"21":0,"22":0,"23":0,"24":0,"25":0,"26":0,"27":0,"28":0,"29":0,"30":0,"31":0,"32":0,"33":0,"34":0,"35":0,"36":0,"37":0,"38":0,"39":0,"40":0,"41":0,"42":0,"43":0,"44":0,"45":0,"46":0,"47":0,"48":0},"f":{"0":0,"1":0,"2":0,"3":0},"b":{"0":[0],"1":[0,0],"2":[0,0],"3":[0],"4":[0,0],"5":[0,0],"6":[0,0],"7":[0],"8":[0,0],"9":[0],"10":[0],"11":[0],"12":[0,0],"13":[0,0],"14":[0],"15":[0,0],"16":[0],"17":[0],"18":[0,0]}}
,"C:\\Users\\leekk\\Desktop\\GPTs 프로젝트_1 (PT)\\fitness-tracker\\app\\(dashboard)\\workouts\\plans\\page.tsx": {"path":"C:\\Users\\leekk\\Desktop\\GPTs 프로젝트_1 (PT)\\fitness-tracker\\app\\(dashboard)\\workouts\\plans\\page.tsx","statementMap":{"0":{"start":{"line":35,"column":24},"end":{"line":35,"column":null}},"1":{"start":{"line":3,"column":25},"end":{"line":3,"column":null}},"2":{"start":{"line":4,"column":37},"end":{"line":4,"column":null}},"3":{"start":{"line":5,"column":23},"end":{"line":5,"column":null}},"4":{"start":{"line":6,"column":21},"end":{"line":6,"column":null}},"5":{"start":{"line":7,"column":57},"end":{"line":7,"column":null}},"6":{"start":{"line":9,"column":40},"end":{"line":9,"column":null}},"7":{"start":{"line":10,"column":22},"end":{"line":10,"column":null}},"8":{"start":{"line":13,"column":40},"end":{"line":33,"column":null}},"9":{"start":{"line":36,"column":26},"end":{"line":36,"column":null}},"10":{"start":{"line":37,"column":42},"end":{"line":37,"column":null}},"11":{"start":{"line":39,"column":34},"end":{"line":64,"column":null}},"12":{"start":{"line":40,"column":4},"end":{"line":63,"column":null}},"13":{"start":{"line":42,"column":35},"end":{"line":56,"column":null}},"14":{"start":{"line":58,"column":6},"end":{"line":58,"column":null}},"15":{"start":{"line":59,"column":6},"end":{"line":59,"column":null}},"16":{"start":{"line":61,"column":6},"end":{"line":61,"column":null}},"17":{"start":{"line":62,"column":6},"end":{"line":62,"column":null}},"18":{"start":{"line":74,"column":56},"end":{"line":74,"column":null}},"19":{"start":{"line":95,"column":16},"end":{"line":95,"column":36}},"20":{"start":{"line":118,"column":16},"end":{"line":118,"column":36}}},"fnMap":{"0":{"name":"WorkoutPlansPage","decl":{"start":{"line":35,"column":24},"end":{"line":35,"column":null}},"loc":{"start":{"line":35,"column":24},"end":{"line":147,"column":null}}},"1":{"name":"(anonymous_2)","decl":{"start":{"line":39,"column":34},"end":{"line":39,"column":41}},"loc":{"start":{"line":39,"column":41},"end":{"line":64,"column":null}}},"2":{"name":"(anonymous_3)","decl":{"start":{"line":74,"column":49},"end":{"line":74,"column":50}},"loc":{"start":{"line":74,"column":56},"end":{"line":74,"column":null}}},"3":{"name":"(anonymous_4)","decl":{"start":{"line":94,"column":32},"end":{"line":94,"column":33}},"loc":{"start":{"line":95,"column":16},"end":{"line":95,"column":36}}},"4":{"name":"(anonymous_5)","decl":{"start":{"line":117,"column":32},"end":{"line":117,"column":33}},"loc":{"start":{"line":118,"column":16},"end":{"line":118,"column":36}}}},"branchMap":{},"s":{"0":0,"1":0,"2":0,"3":0,"4":0,"5":0,"6":0,"7":0,"8":0,"9":0,"10":0,"11":0,"12":0,"13":0,"14":0,"15":0,"16":0,"17":0,"18":0,"19":0,"20":0},"f":{"0":0,"1":0,"2":0,"3":0,"4":0},"b":{}}
,"C:\\Users\\leekk\\Desktop\\GPTs 프로젝트_1 (PT)\\fitness-tracker\\app\\api\\auth\\[...nextauth]\\route.ts": {"path":"C:\\Users\\leekk\\Desktop\\GPTs 프로젝트_1 (PT)\\fitness-tracker\\app\\api\\auth\\[...nextauth]\\route.ts","statementMap":{"0":{"start":{"line":69,"column":9},"end":{"line":69,"column":20}},"1":{"start":{"line":69,"column":25},"end":{"line":69,"column":36}},"2":{"start":{"line":9,"column":13},"end":{"line":9,"column":24}},"3":{"start":{"line":2,"column":30},"end":{"line":2,"column":null}},"4":{"start":{"line":3,"column":32},"end":{"line":3,"column":null}},"5":{"start":{"line":5,"column":21},"end":{"line":5,"column":null}},"6":{"start":{"line":6,"column":24},"end":{"line":6,"column":null}},"7":{"start":{"line":7,"column":23},"end":{"line":7,"column":null}},"8":{"start":{"line":9,"column":44},"end":{"line":66,"column":null}},"9":{"start":{"line":25,"column":8},"end":{"line":27,"column":null}},"10":{"start":{"line":26,"column":10},"end":{"line":26,"column":null}},"11":{"start":{"line":29,"column":21},"end":{"line":31,"column":null}},"12":{"start":{"line":33,"column":8},"end":{"line":35,"column":null}},"13":{"start":{"line":34,"column":10},"end":{"line":34,"column":null}},"14":{"start":{"line":37,"column":24},"end":{"line":37,"column":null}},"15":{"start":{"line":39,"column":8},"end":{"line":41,"column":null}},"16":{"start":{"line":40,"column":10},"end":{"line":40,"column":null}},"17":{"start":{"line":43,"column":8},"end":{"line":48,"column":null}},"18":{"start":{"line":54,"column":6},"end":{"line":56,"column":null}},"19":{"start":{"line":55,"column":8},"end":{"line":55,"column":null}},"20":{"start":{"line":57,"column":6},"end":{"line":57,"column":null}},"21":{"start":{"line":60,"column":6},"end":{"line":62,"column":null}},"22":{"start":{"line":61,"column":8},"end":{"line":61,"column":null}},"23":{"start":{"line":63,"column":6},"end":{"line":63,"column":null}},"24":{"start":{"line":68,"column":16},"end":{"line":68,"column":null}}},"fnMap":{"0":{"name":"(anonymous_5)","decl":{"start":{"line":24,"column":6},"end":{"line":24,"column":12}},"loc":{"start":{"line":24,"column":33},"end":{"line":49,"column":null}}},"1":{"name":"(anonymous_6)","decl":{"start":{"line":53,"column":4},"end":{"line":53,"column":10}},"loc":{"start":{"line":53,"column":29},"end":{"line":58,"column":null}}},"2":{"name":"(anonymous_7)","decl":{"start":{"line":59,"column":4},"end":{"line":59,"column":10}},"loc":{"start":{"line":59,"column":36},"end":{"line":64,"column":null}}}},"branchMap":{"0":{"loc":{"start":{"line":25,"column":8},"end":{"line":27,"column":null}},"type":"if","locations":[{"start":{"line":25,"column":8},"end":{"line":27,"column":null}}]},"1":{"loc":{"start":{"line":25,"column":12},"end":{"line":25,"column":59}},"type":"binary-expr","locations":[{"start":{"line":25,"column":12},"end":{"line":25,"column":35}},{"start":{"line":25,"column":35},"end":{"line":25,"column":59}}]},"2":{"loc":{"start":{"line":33,"column":8},"end":{"line":35,"column":null}},"type":"if","locations":[{"start":{"line":33,"column":8},"end":{"line":35,"column":null}}]},"3":{"loc":{"start":{"line":33,"column":12},"end":{"line":33,"column":35}},"type":"binary-expr","locations":[{"start":{"line":33,"column":12},"end":{"line":33,"column":21}},{"start":{"line":33,"column":21},"end":{"line":33,"column":35}}]},"4":{"loc":{"start":{"line":39,"column":8},"end":{"line":41,"column":null}},"type":"if","locations":[{"start":{"line":39,"column":8},"end":{"line":41,"column":null}}]},"5":{"loc":{"start":{"line":54,"column":6},"end":{"line":56,"column":null}},"type":"if","locations":[{"start":{"line":54,"column":6},"end":{"line":56,"column":null}}]},"6":{"loc":{"start":{"line":60,"column":6},"end":{"line":62,"column":null}},"type":"if","locations":[{"start":{"line":60,"column":6},"end":{"line":62,"column":null}}]}},"s":{"0":0,"1":0,"2":0,"3":0,"4":0,"5":0,"6":0,"7":0,"8":0,"9":0,"10":0,"11":0,"12":0,"13":0,"14":0,"15":0,"16":0,"17":0,"18":0,"19":0,"20":0,"21":0,"22":0,"23":0,"24":0},"f":{"0":0,"1":0,"2":0},"b":{"0":[0],"1":[0,0],"2":[0],"3":[0,0],"4":[0],"5":[0],"6":[0]}}
,"C:\\Users\\leekk\\Desktop\\GPTs 프로젝트_1 (PT)\\fitness-tracker\\app\\api\\auth\\register\\route.ts": {"path":"C:\\Users\\leekk\\Desktop\\GPTs 프로젝트_1 (PT)\\fitness-tracker\\app\\api\\auth\\register\\route.ts","statementMap":{"0":{"start":{"line":20,"column":22},"end":{"line":20,"column":27}},"1":{"start":{"line":2,"column":21},"end":{"line":2,"column":null}},"2":{"start":{"line":3,"column":18},"end":{"line":3,"column":null}},"3":{"start":{"line":4,"column":23},"end":{"line":4,"column":null}},"4":{"start":{"line":7,"column":23},"end":{"line":18,"column":null}},"5":{"start":{"line":21,"column":2},"end":{"line":78,"column":null}},"6":{"start":{"line":22,"column":17},"end":{"line":22,"column":null}},"7":{"start":{"line":23,"column":44},"end":{"line":23,"column":null}},"8":{"start":{"line":26,"column":25},"end":{"line":28,"column":null}},"9":{"start":{"line":30,"column":4},"end":{"line":35,"column":null}},"10":{"start":{"line":31,"column":6},"end":{"line":33,"column":null}},"11":{"start":{"line":38,"column":27},"end":{"line":38,"column":null}},"12":{"start":{"line":41,"column":17},"end":{"line":57,"column":null}},"13":{"start":{"line":59,"column":4},"end":{"line":64,"column":null}},"14":{"start":{"line":67,"column":4},"end":{"line":72,"column":null}},"15":{"start":{"line":68,"column":6},"end":{"line":70,"column":null}},"16":{"start":{"line":74,"column":4},"end":{"line":76,"column":null}}},"fnMap":{"0":{"name":"POST","decl":{"start":{"line":20,"column":22},"end":{"line":20,"column":27}},"loc":{"start":{"line":20,"column":39},"end":{"line":79,"column":null}}}},"branchMap":{"0":{"loc":{"start":{"line":30,"column":4},"end":{"line":35,"column":null}},"type":"if","locations":[{"start":{"line":30,"column":4},"end":{"line":35,"column":null}}]},"1":{"loc":{"start":{"line":67,"column":4},"end":{"line":72,"column":null}},"type":"if","locations":[{"start":{"line":67,"column":4},"end":{"line":72,"column":null}}]}},"s":{"0":0,"1":0,"2":0,"3":0,"4":0,"5":0,"6":0,"7":0,"8":0,"9":0,"10":0,"11":0,"12":0,"13":0,"14":0,"15":0,"16":0},"f":{"0":0},"b":{"0":[0],"1":[0]}}
,"C:\\Users\\leekk\\Desktop\\GPTs 프로젝트_1 (PT)\\fitness-tracker\\app\\api\\auth\\reset-password\\route.ts": {"path":"C:\\Users\\leekk\\Desktop\\GPTs 프로젝트_1 (PT)\\fitness-tracker\\app\\api\\auth\\reset-password\\route.ts","statementMap":{"0":{"start":{"line":11,"column":22},"end":{"line":11,"column":27}},"1":{"start":{"line":2,"column":18},"end":{"line":2,"column":null}},"2":{"start":{"line":3,"column":23},"end":{"line":3,"column":null}},"3":{"start":{"line":4,"column":28},"end":{"line":4,"column":null}},"4":{"start":{"line":7,"column":27},"end":{"line":9,"column":null}},"5":{"start":{"line":12,"column":2},"end":{"line":71,"column":null}},"6":{"start":{"line":13,"column":17},"end":{"line":13,"column":null}},"7":{"start":{"line":14,"column":22},"end":{"line":14,"column":null}},"8":{"start":{"line":17,"column":17},"end":{"line":19,"column":null}},"9":{"start":{"line":21,"column":4},"end":{"line":26,"column":null}},"10":{"start":{"line":22,"column":6},"end":{"line":24,"column":null}},"11":{"start":{"line":29,"column":18},"end":{"line":29,"column":null}},"12":{"start":{"line":30,"column":20},"end":{"line":30,"column":51}},"13":{"start":{"line":33,"column":4},"end":{"line":41,"column":null}},"14":{"start":{"line":44,"column":4},"end":{"line":50,"column":null}},"15":{"start":{"line":55,"column":4},"end":{"line":57,"column":null}},"16":{"start":{"line":60,"column":4},"end":{"line":65,"column":null}},"17":{"start":{"line":61,"column":6},"end":{"line":63,"column":null}},"18":{"start":{"line":67,"column":4},"end":{"line":69,"column":null}}},"fnMap":{"0":{"name":"POST","decl":{"start":{"line":11,"column":22},"end":{"line":11,"column":27}},"loc":{"start":{"line":11,"column":39},"end":{"line":72,"column":null}}}},"branchMap":{"0":{"loc":{"start":{"line":21,"column":4},"end":{"line":26,"column":null}},"type":"if","locations":[{"start":{"line":21,"column":4},"end":{"line":26,"column":null}}]},"1":{"loc":{"start":{"line":60,"column":4},"end":{"line":65,"column":null}},"type":"if","locations":[{"start":{"line":60,"column":4},"end":{"line":65,"column":null}}]}},"s":{"0":0,"1":0,"2":0,"3":0,"4":0,"5":0,"6":0,"7":0,"8":0,"9":0,"10":0,"11":0,"12":0,"13":0,"14":0,"15":0,"16":0,"17":0,"18":0},"f":{"0":0},"b":{"0":[0],"1":[0]}}
,"C:\\Users\\leekk\\Desktop\\GPTs 프로젝트_1 (PT)\\fitness-tracker\\app\\api\\auth\\reset-password\\request\\route.ts": {"path":"C:\\Users\\leekk\\Desktop\\GPTs 프로젝트_1 (PT)\\fitness-tracker\\app\\api\\auth\\reset-password\\request\\route.ts","statementMap":{"0":{"start":{"line":12,"column":22},"end":{"line":12,"column":27}},"1":{"start":{"line":2,"column":19},"end":{"line":2,"column":null}},"2":{"start":{"line":3,"column":23},"end":{"line":3,"column":null}},"3":{"start":{"line":4,"column":28},"end":{"line":4,"column":null}},"4":{"start":{"line":5,"column":26},"end":{"line":5,"column":null}},"5":{"start":{"line":8,"column":27},"end":{"line":10,"column":null}},"6":{"start":{"line":13,"column":2},"end":{"line":72,"column":null}},"7":{"start":{"line":14,"column":17},"end":{"line":14,"column":null}},"8":{"start":{"line":15,"column":22},"end":{"line":15,"column":null}},"9":{"start":{"line":18,"column":17},"end":{"line":20,"column":null}},"10":{"start":{"line":22,"column":4},"end":{"line":27,"column":null}},"11":{"start":{"line":23,"column":6},"end":{"line":25,"column":null}},"12":{"start":{"line":30,"column":18},"end":{"line":30,"column":null}},"13":{"start":{"line":31,"column":20},"end":{"line":31,"column":52}},"14":{"start":{"line":34,"column":4},"end":{"line":40,"column":null}},"15":{"start":{"line":43,"column":22},"end":{"line":43,"column":88}},"16":{"start":{"line":44,"column":4},"end":{"line":53,"column":null}},"17":{"start":{"line":55,"column":4},"end":{"line":57,"column":null}},"18":{"start":{"line":60,"column":4},"end":{"line":65,"column":null}},"19":{"start":{"line":61,"column":6},"end":{"line":63,"column":null}},"20":{"start":{"line":67,"column":4},"end":{"line":67,"column":null}},"21":{"start":{"line":68,"column":4},"end":{"line":70,"column":null}}},"fnMap":{"0":{"name":"POST","decl":{"start":{"line":12,"column":22},"end":{"line":12,"column":27}},"loc":{"start":{"line":12,"column":39},"end":{"line":73,"column":null}}}},"branchMap":{"0":{"loc":{"start":{"line":22,"column":4},"end":{"line":27,"column":null}},"type":"if","locations":[{"start":{"line":22,"column":4},"end":{"line":27,"column":null}}]},"1":{"loc":{"start":{"line":60,"column":4},"end":{"line":65,"column":null}},"type":"if","locations":[{"start":{"line":60,"column":4},"end":{"line":65,"column":null}}]}},"s":{"0":0,"1":0,"2":0,"3":0,"4":0,"5":0,"6":0,"7":0,"8":0,"9":0,"10":0,"11":0,"12":0,"13":0,"14":0,"15":0,"16":0,"17":0,"18":0,"19":0,"20":0,"21":0},"f":{"0":0},"b":{"0":[0],"1":[0]}}
,"C:\\Users\\leekk\\Desktop\\GPTs 프로젝트_1 (PT)\\fitness-tracker\\app\\api\\auth\\reset-password\\reset\\route.ts": {"path":"C:\\Users\\leekk\\Desktop\\GPTs 프로젝트_1 (PT)\\fitness-tracker\\app\\api\\auth\\reset-password\\reset\\route.ts","statementMap":{"0":{"start":{"line":18,"column":22},"end":{"line":18,"column":27}},"1":{"start":{"line":2,"column":21},"end":{"line":2,"column":null}},"2":{"start":{"line":3,"column":19},"end":{"line":3,"column":null}},"3":{"start":{"line":4,"column":23},"end":{"line":4,"column":null}},"4":{"start":{"line":7,"column":28},"end":{"line":16,"column":null}},"5":{"start":{"line":19,"column":2},"end":{"line":81,"column":null}},"6":{"start":{"line":20,"column":17},"end":{"line":20,"column":null}},"7":{"start":{"line":21,"column":32},"end":{"line":21,"column":null}},"8":{"start":{"line":24,"column":25},"end":{"line":32,"column":null}},"9":{"start":{"line":34,"column":4},"end":{"line":39,"column":null}},"10":{"start":{"line":35,"column":6},"end":{"line":37,"column":null}},"11":{"start":{"line":42,"column":27},"end":{"line":42,"column":null}},"12":{"start":{"line":45,"column":4},"end":{"line":52,"column":null}},"13":{"start":{"line":55,"column":4},"end":{"line":62,"column":null}},"14":{"start":{"line":64,"column":4},"end":{"line":66,"column":null}},"15":{"start":{"line":69,"column":4},"end":{"line":74,"column":null}},"16":{"start":{"line":70,"column":6},"end":{"line":72,"column":null}},"17":{"start":{"line":76,"column":4},"end":{"line":76,"column":null}},"18":{"start":{"line":77,"column":4},"end":{"line":79,"column":null}}},"fnMap":{"0":{"name":"POST","decl":{"start":{"line":18,"column":22},"end":{"line":18,"column":27}},"loc":{"start":{"line":18,"column":39},"end":{"line":82,"column":null}}}},"branchMap":{"0":{"loc":{"start":{"line":34,"column":4},"end":{"line":39,"column":null}},"type":"if","locations":[{"start":{"line":34,"column":4},"end":{"line":39,"column":null}}]},"1":{"loc":{"start":{"line":69,"column":4},"end":{"line":74,"column":null}},"type":"if","locations":[{"start":{"line":69,"column":4},"end":{"line":74,"column":null}}]}},"s":{"0":0,"1":0,"2":0,"3":0,"4":0,"5":0,"6":0,"7":0,"8":0,"9":0,"10":0,"11":0,"12":0,"13":0,"14":0,"15":0,"16":0,"17":0,"18":0},"f":{"0":0},"b":{"0":[0],"1":[0]}}
,"C:\\Users\\leekk\\Desktop\\GPTs 프로젝트_1 (PT)\\fitness-tracker\\app\\api\\workouts\\route.ts": {"path":"C:\\Users\\leekk\\Desktop\\GPTs 프로젝트_1 (PT)\\fitness-tracker\\app\\api\\workouts\\route.ts","statementMap":{"0":{"start":{"line":21,"column":22},"end":{"line":21,"column":25}},"1":{"start":{"line":61,"column":22},"end":{"line":61,"column":26}},"2":{"start":{"line":2,"column":23},"end":{"line":2,"column":null}},"3":{"start":{"line":4,"column":19},"end":{"line":4,"column":null}},"4":{"start":{"line":7,"column":22},"end":{"line":18,"column":null}},"5":{"start":{"line":22,"column":2},"end":{"line":57,"column":null}},"6":{"start":{"line":23,"column":29},"end":{"line":23,"column":null}},"7":{"start":{"line":24,"column":17},"end":{"line":24,"column":null}},"8":{"start":{"line":25,"column":18},"end":{"line":25,"column":null}},"9":{"start":{"line":26,"column":17},"end":{"line":26,"column":null}},"10":{"start":{"line":28,"column":27},"end":{"line":28,"column":null}},"11":{"start":{"line":30,"column":21},"end":{"line":39,"column":null}},"12":{"start":{"line":41,"column":18},"end":{"line":41,"column":null}},"13":{"start":{"line":43,"column":4},"end":{"line":51,"column":null}},"14":{"start":{"line":53,"column":4},"end":{"line":55,"column":null}},"15":{"start":{"line":62,"column":2},"end":{"line":92,"column":null}},"16":{"start":{"line":63,"column":17},"end":{"line":63,"column":null}},"17":{"start":{"line":64,"column":17},"end":{"line":64,"column":null}},"18":{"start":{"line":66,"column":20},"end":{"line":77,"column":null}},"19":{"start":{"line":79,"column":4},"end":{"line":79,"column":null}},"20":{"start":{"line":81,"column":4},"end":{"line":86,"column":null}},"21":{"start":{"line":82,"column":6},"end":{"line":84,"column":null}},"22":{"start":{"line":88,"column":4},"end":{"line":90,"column":null}}},"fnMap":{"0":{"name":"GET","decl":{"start":{"line":21,"column":22},"end":{"line":21,"column":25}},"loc":{"start":{"line":21,"column":42},"end":{"line":58,"column":null}}},"1":{"name":"POST","decl":{"start":{"line":61,"column":22},"end":{"line":61,"column":26}},"loc":{"start":{"line":61,"column":43},"end":{"line":93,"column":null}}}},"branchMap":{"0":{"loc":{"start":{"line":24,"column":17},"end":{"line":24,"column":null}},"type":"binary-expr","locations":[{"start":{"line":24,"column":17},"end":{"line":24,"column":53}},{"start":{"line":24,"column":53},"end":{"line":24,"column":null}}]},"1":{"loc":{"start":{"line":25,"column":18},"end":{"line":25,"column":null}},"type":"binary-expr","locations":[{"start":{"line":25,"column":18},"end":{"line":25,"column":55}},{"start":{"line":25,"column":55},"end":{"line":25,"column":null}}]},"2":{"loc":{"start":{"line":26,"column":17},"end":{"line":26,"column":null}},"type":"binary-expr","locations":[{"start":{"line":26,"column":17},"end":{"line":26,"column":45}},{"start":{"line":26,"column":45},"end":{"line":26,"column":null}}]},"3":{"loc":{"start":{"line":81,"column":4},"end":{"line":86,"column":null}},"type":"if","locations":[{"start":{"line":81,"column":4},"end":{"line":86,"column":null}}]}},"s":{"0":0,"1":0,"2":0,"3":0,"4":0,"5":0,"6":0,"7":0,"8":0,"9":0,"10":0,"11":0,"12":0,"13":0,"14":0,"15":0,"16":0,"17":0,"18":0,"19":0,"20":0,"21":0,"22":0},"f":{"0":0,"1":0},"b":{"0":[0,0],"1":[0,0],"2":[0,0],"3":[0]}}
,"C:\\Users\\leekk\\Desktop\\GPTs 프로젝트_1 (PT)\\fitness-tracker\\app\\api\\workouts\\[id]\\route.ts": {"path":"C:\\Users\\leekk\\Desktop\\GPTs 프로젝트_1 (PT)\\fitness-tracker\\app\\api\\workouts\\[id]\\route.ts","statementMap":{"0":{"start":{"line":59,"column":22},"end":{"line":59,"column":28}},"1":{"start":{"line":5,"column":22},"end":{"line":5,"column":25}},"2":{"start":{"line":34,"column":22},"end":{"line":34,"column":25}},"3":{"start":{"line":2,"column":23},"end":{"line":2,"column":null}},"4":{"start":{"line":9,"column":2},"end":{"line":30,"column":null}},"5":{"start":{"line":10,"column":20},"end":{"line":15,"column":null}},"6":{"start":{"line":17,"column":4},"end":{"line":22,"column":null}},"7":{"start":{"line":18,"column":6},"end":{"line":20,"column":null}},"8":{"start":{"line":24,"column":4},"end":{"line":24,"column":null}},"9":{"start":{"line":26,"column":4},"end":{"line":28,"column":null}},"10":{"start":{"line":38,"column":2},"end":{"line":55,"column":null}},"11":{"start":{"line":39,"column":17},"end":{"line":39,"column":null}},"12":{"start":{"line":41,"column":20},"end":{"line":47,"column":null}},"13":{"start":{"line":49,"column":4},"end":{"line":49,"column":null}},"14":{"start":{"line":51,"column":4},"end":{"line":53,"column":null}},"15":{"start":{"line":63,"column":2},"end":{"line":74,"column":null}},"16":{"start":{"line":64,"column":4},"end":{"line":66,"column":null}},"17":{"start":{"line":68,"column":4},"end":{"line":68,"column":null}},"18":{"start":{"line":70,"column":4},"end":{"line":72,"column":null}}},"fnMap":{"0":{"name":"GET","decl":{"start":{"line":5,"column":22},"end":{"line":5,"column":25}},"loc":{"start":{"line":7,"column":40},"end":{"line":31,"column":null}}},"1":{"name":"PUT","decl":{"start":{"line":34,"column":22},"end":{"line":34,"column":25}},"loc":{"start":{"line":36,"column":40},"end":{"line":56,"column":null}}},"2":{"name":"DELETE","decl":{"start":{"line":59,"column":22},"end":{"line":59,"column":28}},"loc":{"start":{"line":61,"column":40},"end":{"line":75,"column":null}}}},"branchMap":{"0":{"loc":{"start":{"line":17,"column":4},"end":{"line":22,"column":null}},"type":"if","locations":[{"start":{"line":17,"column":4},"end":{"line":22,"column":null}}]}},"s":{"0":0,"1":0,"2":0,"3":0,"4":0,"5":0,"6":0,"7":0,"8":0,"9":0,"10":0,"11":0,"12":0,"13":0,"14":0,"15":0,"16":0,"17":0,"18":0},"f":{"0":0,"1":0,"2":0},"b":{"0":[0]}}
,"C:\\Users\\leekk\\Desktop\\GPTs 프로젝트_1 (PT)\\fitness-tracker\\app\\api\\workouts\\[id]\\logs\\route.ts": {"path":"C:\\Users\\leekk\\Desktop\\GPTs 프로젝트_1 (PT)\\fitness-tracker\\app\\api\\workouts\\[id]\\logs\\route.ts","statementMap":{"0":{"start":{"line":20,"column":22},"end":{"line":20,"column":25}},"1":{"start":{"line":51,"column":22},"end":{"line":51,"column":26}},"2":{"start":{"line":2,"column":23},"end":{"line":2,"column":null}},"3":{"start":{"line":3,"column":19},"end":{"line":3,"column":null}},"4":{"start":{"line":6,"column":25},"end":{"line":17,"column":null}},"5":{"start":{"line":24,"column":2},"end":{"line":47,"column":null}},"6":{"start":{"line":25,"column":17},"end":{"line":39,"column":null}},"7":{"start":{"line":41,"column":4},"end":{"line":41,"column":null}},"8":{"start":{"line":43,"column":4},"end":{"line":45,"column":null}},"9":{"start":{"line":55,"column":2},"end":{"line":95,"column":null}},"10":{"start":{"line":56,"column":17},"end":{"line":56,"column":null}},"11":{"start":{"line":57,"column":17},"end":{"line":57,"column":null}},"12":{"start":{"line":59,"column":16},"end":{"line":80,"column":null}},"13":{"start":{"line":65,"column":50},"end":{"line":70,"column":null}},"14":{"start":{"line":82,"column":4},"end":{"line":82,"column":null}},"15":{"start":{"line":84,"column":4},"end":{"line":89,"column":null}},"16":{"start":{"line":85,"column":6},"end":{"line":87,"column":null}},"17":{"start":{"line":91,"column":4},"end":{"line":93,"column":null}}},"fnMap":{"0":{"name":"GET","decl":{"start":{"line":20,"column":22},"end":{"line":20,"column":25}},"loc":{"start":{"line":22,"column":40},"end":{"line":48,"column":null}}},"1":{"name":"POST","decl":{"start":{"line":51,"column":22},"end":{"line":51,"column":26}},"loc":{"start":{"line":53,"column":40},"end":{"line":96,"column":null}}},"2":{"name":"(anonymous_9)","decl":{"start":{"line":65,"column":37},"end":{"line":65,"column":50}},"loc":{"start":{"line":65,"column":50},"end":{"line":70,"column":null}}}},"branchMap":{"0":{"loc":{"start":{"line":84,"column":4},"end":{"line":89,"column":null}},"type":"if","locations":[{"start":{"line":84,"column":4},"end":{"line":89,"column":null}}]}},"s":{"0":0,"1":0,"2":0,"3":0,"4":0,"5":0,"6":0,"7":0,"8":0,"9":0,"10":0,"11":0,"12":0,"13":0,"14":0,"15":0,"16":0,"17":0},"f":{"0":0,"1":0,"2":0},"b":{"0":[0]}}
}
