TN:
SF:app\layout.tsx
FN:13,RootLayout
FNF:1
FNH:0
FNDA:0,RootLayout
DA:2,0
DA:3,0
DA:4,0
DA:6,0
DA:8,0
DA:13,0
LF:6
LH:0
BRF:0
BRH:0
end_of_record
TN:
SF:app\page.tsx
FN:5,Home
FNF:1
FNH:0
FNDA:0,Home
DA:1,0
DA:2,0
DA:3,0
DA:5,0
LF:4
LH:0
BRF:0
BRH:0
end_of_record
TN:
SF:app\(auth)\login\page.tsx
FN:23,LoginPage
FN:36,(anonymous_6)
FN:60,(anonymous_7)
FNF:3
FNH:0
FNDA:0,LoginPage
FNDA:0,(anonymous_6)
FNDA:0,(anonymous_7)
DA:3,0
DA:4,0
DA:5,0
DA:6,0
DA:7,0
DA:8,0
DA:9,0
DA:10,0
DA:11,0
DA:12,0
DA:13,0
DA:16,0
DA:23,0
DA:24,0
DA:25,0
DA:26,0
DA:32,0
DA:36,0
DA:37,0
DA:38,0
DA:39,0
DA:41,0
DA:47,0
DA:48,0
DA:49,0
DA:52,0
DA:54,0
DA:56,0
DA:60,0
DA:61,0
LF:30
LH:0
BRDA:47,0,0,0
BRDA:80,1,0,0
BRDA:80,1,1,0
BRDA:82,2,0,0
BRDA:93,3,0,0
BRDA:93,3,1,0
BRDA:95,4,0,0
BRDA:101,5,0,0
BRDA:109,6,0,0
BRDA:109,6,1,0
BRF:10
BRH:0
end_of_record
TN:
SF:app\(auth)\register\page.tsx
FN:35,(anonymous_5)
FN:42,RegisterPage
FN:56,(anonymous_7)
FN:152,(anonymous_8)
FNF:4
FNH:0
FNDA:0,(anonymous_5)
FNDA:0,RegisterPage
FNDA:0,(anonymous_7)
FNDA:0,(anonymous_8)
DA:3,0
DA:4,0
DA:5,0
DA:6,0
DA:7,0
DA:8,0
DA:9,0
DA:10,0
DA:17,0
DA:18,0
DA:21,0
DA:35,0
DA:42,0
DA:43,0
DA:44,0
DA:45,0
DA:52,0
DA:56,0
DA:57,0
DA:58,0
DA:59,0
DA:61,0
DA:69,0
DA:71,0
DA:72,0
DA:75,0
DA:77,0
DA:78,0
DA:80,0
DA:83,0
DA:153,0
LF:31
LH:0
BRDA:71,0,0,0
BRDA:72,1,0,0
BRDA:72,1,1,0
BRDA:77,2,0,0
BRDA:77,2,1,0
BRDA:103,3,0,0
BRDA:103,3,1,0
BRDA:105,4,0,0
BRDA:116,5,0,0
BRDA:116,5,1,0
BRDA:118,6,0,0
BRDA:129,7,0,0
BRDA:129,7,1,0
BRDA:131,8,0,0
BRDA:142,9,0,0
BRDA:142,9,1,0
BRDA:144,10,0,0
BRDA:157,11,0,0
BRDA:157,11,1,0
BRDA:166,12,0,0
BRDA:172,13,0,0
BRDA:180,14,0,0
BRDA:180,14,1,0
BRF:23
BRH:0
end_of_record
TN:
SF:app\(auth)\reset-password\page.tsx
FN:28,(anonymous_5)
FN:36,ResetPasswordPage
FN:60,(anonymous_7)
FN:92,(anonymous_8)
FNF:4
FNH:0
FNDA:0,(anonymous_5)
FNDA:0,ResetPasswordPage
FNDA:0,(anonymous_7)
FNDA:0,(anonymous_8)
DA:3,0
DA:4,0
DA:5,0
DA:6,0
DA:7,0
DA:8,0
DA:9,0
DA:10,0
DA:11,0
DA:14,0
DA:19,0
DA:28,0
DA:36,0
DA:37,0
DA:38,0
DA:39,0
DA:40,0
DA:41,0
DA:42,0
DA:48,0
DA:56,0
DA:60,0
DA:61,0
DA:62,0
DA:63,0
DA:64,0
DA:66,0
DA:74,0
DA:76,0
DA:77,0
DA:80,0
DA:82,0
DA:83,0
DA:85,0
DA:88,0
DA:92,0
DA:93,0
DA:94,0
DA:95,0
DA:96,0
DA:98,0
DA:106,0
DA:108,0
DA:109,0
DA:112,0
DA:114,0
DA:115,0
DA:117,0
DA:120,0
LF:49
LH:0
BRDA:76,0,0,0
BRDA:77,1,0,0
BRDA:77,1,1,0
BRDA:82,2,0,0
BRDA:82,2,1,0
BRDA:108,3,0,0
BRDA:109,4,0,0
BRDA:109,4,1,0
BRDA:114,5,0,0
BRDA:114,5,1,0
BRDA:130,6,0,0
BRDA:130,6,1,0
BRDA:137,7,0,0
BRDA:143,8,0,0
BRDA:143,8,1,0
BRDA:145,9,0,0
BRDA:151,10,0,0
BRDA:154,11,0,0
BRDA:162,12,0,0
BRDA:162,12,1,0
BRDA:172,13,0,0
BRDA:172,13,1,0
BRDA:174,14,0,0
BRDA:185,15,0,0
BRDA:185,15,1,0
BRDA:187,16,0,0
BRDA:193,17,0,0
BRDA:201,18,0,0
BRDA:201,18,1,0
BRF:29
BRH:0
end_of_record
TN:
SF:app\(dashboard)\workouts\plans\page.tsx
FN:35,WorkoutPlansPage
FN:39,(anonymous_2)
FN:74,(anonymous_3)
FN:94,(anonymous_4)
FN:117,(anonymous_5)
FNF:5
FNH:0
FNDA:0,WorkoutPlansPage
FNDA:0,(anonymous_2)
FNDA:0,(anonymous_3)
FNDA:0,(anonymous_4)
FNDA:0,(anonymous_5)
DA:3,0
DA:4,0
DA:5,0
DA:6,0
DA:7,0
DA:9,0
DA:10,0
DA:13,0
DA:35,0
DA:36,0
DA:37,0
DA:39,0
DA:40,0
DA:42,0
DA:58,0
DA:59,0
DA:61,0
DA:62,0
DA:74,0
DA:95,0
DA:118,0
LF:21
LH:0
BRF:0
BRH:0
end_of_record
TN:
SF:app\api\auth\[...nextauth]\route.ts
FN:24,(anonymous_5)
FN:53,(anonymous_6)
FN:59,(anonymous_7)
FNF:3
FNH:0
FNDA:0,(anonymous_5)
FNDA:0,(anonymous_6)
FNDA:0,(anonymous_7)
DA:2,0
DA:3,0
DA:5,0
DA:6,0
DA:7,0
DA:9,0
DA:25,0
DA:26,0
DA:29,0
DA:33,0
DA:34,0
DA:37,0
DA:39,0
DA:40,0
DA:43,0
DA:54,0
DA:55,0
DA:57,0
DA:60,0
DA:61,0
DA:63,0
DA:68,0
DA:69,0
LF:23
LH:0
BRDA:25,0,0,0
BRDA:25,1,0,0
BRDA:25,1,1,0
BRDA:33,2,0,0
BRDA:33,3,0,0
BRDA:33,3,1,0
BRDA:39,4,0,0
BRDA:54,5,0,0
BRDA:60,6,0,0
BRF:9
BRH:0
end_of_record
TN:
SF:app\api\auth\register\route.ts
FN:20,POST
FNF:1
FNH:0
FNDA:0,POST
DA:2,0
DA:3,0
DA:4,0
DA:7,0
DA:20,0
DA:21,0
DA:22,0
DA:23,0
DA:26,0
DA:30,0
DA:31,0
DA:38,0
DA:41,0
DA:59,0
DA:67,0
DA:68,0
DA:74,0
LF:17
LH:0
BRDA:30,0,0,0
BRDA:67,1,0,0
BRF:2
BRH:0
end_of_record
TN:
SF:app\api\auth\reset-password\route.ts
FN:11,POST
FNF:1
FNH:0
FNDA:0,POST
DA:2,0
DA:3,0
DA:4,0
DA:7,0
DA:11,0
DA:12,0
DA:13,0
DA:14,0
DA:17,0
DA:21,0
DA:22,0
DA:29,0
DA:30,0
DA:33,0
DA:44,0
DA:55,0
DA:60,0
DA:61,0
DA:67,0
LF:19
LH:0
BRDA:21,0,0,0
BRDA:60,1,0,0
BRF:2
BRH:0
end_of_record
TN:
SF:app\api\auth\reset-password\request\route.ts
FN:12,POST
FNF:1
FNH:0
FNDA:0,POST
DA:2,0
DA:3,0
DA:4,0
DA:5,0
DA:8,0
DA:12,0
DA:13,0
DA:14,0
DA:15,0
DA:18,0
DA:22,0
DA:23,0
DA:30,0
DA:31,0
DA:34,0
DA:43,0
DA:44,0
DA:55,0
DA:60,0
DA:61,0
DA:67,0
DA:68,0
LF:22
LH:0
BRDA:22,0,0,0
BRDA:60,1,0,0
BRF:2
BRH:0
end_of_record
TN:
SF:app\api\auth\reset-password\reset\route.ts
FN:18,POST
FNF:1
FNH:0
FNDA:0,POST
DA:2,0
DA:3,0
DA:4,0
DA:7,0
DA:18,0
DA:19,0
DA:20,0
DA:21,0
DA:24,0
DA:34,0
DA:35,0
DA:42,0
DA:45,0
DA:55,0
DA:64,0
DA:69,0
DA:70,0
DA:76,0
DA:77,0
LF:19
LH:0
BRDA:34,0,0,0
BRDA:69,1,0,0
BRF:2
BRH:0
end_of_record
TN:
SF:app\api\workouts\route.ts
FN:21,GET
FN:61,POST
FNF:2
FNH:0
FNDA:0,GET
FNDA:0,POST
DA:2,0
DA:4,0
DA:7,0
DA:21,0
DA:22,0
DA:23,0
DA:24,0
DA:25,0
DA:26,0
DA:28,0
DA:30,0
DA:41,0
DA:43,0
DA:53,0
DA:61,0
DA:62,0
DA:63,0
DA:64,0
DA:66,0
DA:79,0
DA:81,0
DA:82,0
DA:88,0
LF:23
LH:0
BRDA:24,0,0,0
BRDA:24,0,1,0
BRDA:25,1,0,0
BRDA:25,1,1,0
BRDA:26,2,0,0
BRDA:26,2,1,0
BRDA:81,3,0,0
BRF:7
BRH:0
end_of_record
TN:
SF:app\api\workouts\[id]\route.ts
FN:5,GET
FN:34,PUT
FN:59,DELETE
FNF:3
FNH:0
FNDA:0,GET
FNDA:0,PUT
FNDA:0,DELETE
DA:2,0
DA:5,0
DA:9,0
DA:10,0
DA:17,0
DA:18,0
DA:24,0
DA:26,0
DA:34,0
DA:38,0
DA:39,0
DA:41,0
DA:49,0
DA:51,0
DA:59,0
DA:63,0
DA:64,0
DA:68,0
DA:70,0
LF:19
LH:0
BRDA:17,0,0,0
BRF:1
BRH:0
end_of_record
TN:
SF:app\api\workouts\[id]\logs\route.ts
FN:20,GET
FN:51,POST
FN:65,(anonymous_9)
FNF:3
FNH:0
FNDA:0,GET
FNDA:0,POST
FNDA:0,(anonymous_9)
DA:2,0
DA:3,0
DA:6,0
DA:20,0
DA:24,0
DA:25,0
DA:41,0
DA:43,0
DA:51,0
DA:55,0
DA:56,0
DA:57,0
DA:59,0
DA:65,0
DA:82,0
DA:84,0
DA:85,0
DA:91,0
LF:18
LH:0
BRDA:84,0,0,0
BRF:1
BRH:0
end_of_record
